<?xml version="1.0" encoding="UTF-8"?>
<!-- Generated by org.testng.reporters.JUnitReportReporter -->
<testsuite hostname="SENSEIMK2-PC" failures="0" tests="2" name="com.mystore.testscripts.HomePageTest" time="34.535" errors="0" timestamp="2022-03-14T13:51:43 IST" skipped="0">
  <testcase classname="com.mystore.testscripts.HomePageTest" name="validateOrderhistory" time="15.720"/>
  <system-out/>
  <testcase classname="com.mystore.testscripts.HomePageTest" name="wishListDisplay" time="18.815"/>
  <system-out/>
</testsuite> <!-- com.mystore.testscripts.HomePageTest -->
