<?xml version="1.0" encoding="UTF-8"?>
<!-- Generated by org.testng.reporters.JUnitReportReporter -->
<testsuite hostname="SENSEIMK2-PC" failures="0" tests="2" name="com.mystore.testscripts.IndexPageTest" time="37.567" errors="0" timestamp="2022-03-14T12:53:22 IST" skipped="0">
  <testcase classname="com.mystore.testscripts.IndexPageTest" name="verifyTitle" time="20.352"/>
  <system-out/>
  <testcase classname="com.mystore.testscripts.IndexPageTest" name="logoTest" time="17.215"/>
  <system-out/>
</testsuite> <!-- com.mystore.testscripts.IndexPageTest -->
