<?xml version="1.0" encoding="UTF-8"?>
<!-- Generated by org.testng.reporters.JUnitReportReporter -->
<testsuite hostname="SENSEIMK2-PC" failures="0" tests="1" name="com.mystore.testscripts.End2EndTest" time="38.174" errors="0" timestamp="2022-03-15T00:48:22 IST" skipped="0">
  <testcase classname="com.mystore.testscripts.End2EndTest" name="endtoend" time="38.174"/>
  <system-out/>
</testsuite> <!-- com.mystore.testscripts.End2EndTest -->
