<?xml version="1.0" encoding="UTF-8"?>
<!-- Generated by org.testng.reporters.JUnitReportReporter -->
<testsuite hostname="SENSEIMK2-PC" failures="0" tests="1" name="com.mystore.testscripts.SearchResultPageTest" time="17.589" errors="0" timestamp="2022-03-14T14:04:04 IST" skipped="0">
  <testcase classname="com.mystore.testscripts.SearchResultPageTest" name="search" time="17.589"/>
  <system-out/>
</testsuite> <!-- com.mystore.testscripts.SearchResultPageTest -->
