<?xml version="1.0" encoding="UTF-8"?>
<!-- Generated by org.testng.reporters.JUnitReportReporter -->
<testsuite hostname="SENSEIMK2-PC" failures="0" tests="1" name="com.mystore.testscripts.OrderPageTest" time="27.970" errors="0" timestamp="2022-03-15T00:47:20 IST" skipped="0">
  <testcase classname="com.mystore.testscripts.OrderPageTest" name="validateTotalPrice" time="27.970"/>
  <system-out/>
</testsuite> <!-- com.mystore.testscripts.OrderPageTest -->
