<?xml version="1.0" encoding="UTF-8"?>
<!-- Generated by org.testng.reporters.JUnitReportReporter -->
<testsuite hostname="SENSEIMK2-PC" failures="0" tests="1" name="com.mystore.testscripts.CreateAccountPageTest" time="23.494" errors="0" timestamp="2022-03-14T13:56:04 IST" skipped="0">
  <testcase classname="com.mystore.testscripts.CreateAccountPageTest" name="isLogoPresent" time="23.494"/>
  <system-out/>
</testsuite> <!-- com.mystore.testscripts.CreateAccountPageTest -->
