<?xml version="1.0" encoding="UTF-8"?>
<!-- Generated by org.testng.reporters.JUnitReportReporter -->
<testsuite hostname="SENSEIMK2-PC" failures="0" tests="1" name="com.mystore.testscripts.AddToCartPageTest" time="21.092" errors="0" timestamp="2022-03-14T16:01:22 IST" skipped="0">
  <testcase classname="com.mystore.testscripts.AddToCartPageTest" name="logoTest" time="21.092"/>
  <system-out/>
</testsuite> <!-- com.mystore.testscripts.AddToCartPageTest -->
